<?xml version="1.0" encoding="UTF-8"?>
<!-- Generated by org.testng.reporters.JUnitReportReporter -->
<testsuite skipped="0" hostname="DLDA0127" name="scenarios.test.BingTest" tests="3" failures="0" timestamp="21 Feb 2018 09:58:59 GMT" time="28.385" errors="0">
  <testcase name="BingSearch" time="8.215" classname="scenarios.test.BingTest"/>
  <testcase name="definePhrase" time="7.947" classname="scenarios.test.BingTest"/>
  <testcase name="seearchImages" time="12.223" classname="scenarios.test.BingTest"/>
</testsuite> <!-- scenarios.test.BingTest -->
