<?xml version="1.0" encoding="UTF-8"?>
<!-- Generated by org.testng.reporters.JUnitReportReporter -->
<testsuite skipped="0" hostname="DLDA0127" name="scenarios.test.TestScenarios" tests="1" failures="0" timestamp="16 Feb 2018 12:04:25 GMT" time="22.192" errors="0">
  <testcase name="seearchImages" time="22.192" classname="scenarios.test.TestScenarios"/>
</testsuite> <!-- scenarios.test.TestScenarios -->
