<?xml version="1.0" encoding="UTF-8"?>
<!-- Generated by org.testng.reporters.JUnitReportReporter -->
<testsuite skipped="0" hostname="DLDA0127" name="testScenarios.irctcTestScenarios" tests="2" failures="0" timestamp="09 Feb 2018 08:33:52 GMT" time="85.700" errors="0">
  <testcase name="TC01" time="70.383" classname="testScenarios.irctcTestScenarios"/>
  <testcase name="TC02" time="15.317" classname="testScenarios.irctcTestScenarios"/>
</testsuite> <!-- testScenarios.irctcTestScenarios -->
