<?xml version="1.0" encoding="UTF-8"?>
<!-- Generated by org.testng.reporters.JUnitReportReporter -->
<testsuite skipped="0" hostname="DLDA0127" name="testScenarios.googleSearch" tests="2" failures="0" timestamp="14 Feb 2018 04:35:01 GMT" time="5.670" errors="0">
  <testcase name="googleBasicSearch" time="2.222" classname="testScenarios.googleSearch"/>
  <testcase name="googleAdvancedBasicSearch" time="3.448" classname="testScenarios.googleSearch"/>
</testsuite> <!-- testScenarios.googleSearch -->
