<?xml version="1.0" encoding="UTF-8"?>
<!-- Generated by org.testng.reporters.JUnitReportReporter -->
<testsuite skipped="0" hostname="DLDA0127" name="testScenarios.googleSearch" tests="2" failures="0" timestamp="14 Feb 2018 06:57:40 GMT" time="5.284" errors="0">
  <testcase name="googleBasicSearch" time="2.930" classname="testScenarios.googleSearch"/>
  <testcase name="googleAdvancedBasicSearch" time="2.354" classname="testScenarios.googleSearch"/>
</testsuite> <!-- testScenarios.googleSearch -->
