<?xml version="1.0" encoding="UTF-8"?>
<!-- Generated by org.testng.reporters.JUnitReportReporter -->
<testsuite skipped="0" hostname="DLDA0127" name="scenarios.test.GoogleTest" tests="3" failures="0" timestamp="20 Feb 2018 11:17:22 GMT" time="36.416" errors="0">
  <testcase name="googleSearch" time="10.808" classname="scenarios.test.GoogleTest"/>
  <testcase name="definePhrase" time="9.867" classname="scenarios.test.GoogleTest"/>
  <testcase name="seearchImages" time="15.741" classname="scenarios.test.GoogleTest"/>
</testsuite> <!-- scenarios.test.GoogleTest -->
