<?xml version="1.0" encoding="UTF-8"?>
<!-- Generated by org.testng.reporters.JUnitReportReporter -->
<testsuite skipped="0" hostname="DLDA0127" name="scenarios.test.GoogleTest" tests="1" failures="0" timestamp="19 Feb 2018 13:32:20 GMT" time="12.019" errors="0">
  <testcase name="seearchImages" time="12.019" classname="scenarios.test.GoogleTest"/>
</testsuite> <!-- scenarios.test.GoogleTest -->
