<?xml version="1.0" encoding="UTF-8"?>
<!-- Generated by org.testng.reporters.JUnitReportReporter -->
<testsuite skipped="0" hostname="DLDA0127" name="scenarios.test.BingTest" tests="3" failures="0" timestamp="21 Feb 2018 07:01:47 GMT" time="29.114" errors="0">
  <testcase name="BingSearch" time="8.824" classname="scenarios.test.BingTest"/>
  <testcase name="definePhrase" time="8.742" classname="scenarios.test.BingTest"/>
  <testcase name="seearchImages" time="11.548" classname="scenarios.test.BingTest"/>
</testsuite> <!-- scenarios.test.BingTest -->
