<?xml version="1.0" encoding="UTF-8"?>
<!-- Generated by org.testng.reporters.JUnitReportReporter -->
<testsuite skipped="0" hostname="DLDA0127" name="scenarios.test.BingTest" tests="1" failures="0" timestamp="19 Feb 2018 07:22:53 GMT" time="10.326" errors="0">
  <testcase name="googleSearch" time="10.326" classname="scenarios.test.BingTest"/>
</testsuite> <!-- scenarios.test.BingTest -->
