<?xml version="1.0" encoding="UTF-8"?>
<!-- Generated by org.testng.reporters.JUnitReportReporter -->
<testsuite skipped="0" hostname="DLDA0127" name="scenarios.test.BingTest" tests="3" failures="0" timestamp="20 Feb 2018 11:17:22 GMT" time="28.377" errors="0">
  <testcase name="BingSearch" time="8.563" classname="scenarios.test.BingTest"/>
  <testcase name="definePhrase" time="7.943" classname="scenarios.test.BingTest"/>
  <testcase name="seearchImages" time="11.871" classname="scenarios.test.BingTest"/>
</testsuite> <!-- scenarios.test.BingTest -->
