<?xml version="1.0" encoding="UTF-8"?>
<!-- Generated by org.testng.reporters.JUnitReportReporter -->
<testsuite skipped="0" hostname="DLDA0127" name="Examples.restAssuredExample" tests="2" failures="0" timestamp="14 Feb 2018 13:26:21 GMT" time="3.368" errors="0">
  <testcase name="test_NumberOfCircuitsFor2017Season_ShouldBe20" time="0.870" classname="Examples.restAssuredExample"/>
  <testcase name="GetWeatherDetails" time="2.498" classname="Examples.restAssuredExample"/>
</testsuite> <!-- Examples.restAssuredExample -->
