<?xml version="1.0" encoding="UTF-8"?>
<!-- Generated by org.testng.reporters.JUnitReportReporter -->
<testsuite skipped="0" hostname="DLDA0127" name="Examples.Example" tests="2" failures="0" timestamp="08 Feb 2018 13:23:04 GMT" time="28.260" errors="0">
  <testcase name="TestMethod" time="18.465" classname="Examples.Example"/>
  <testcase name="TestMethod2" time="9.795" classname="Examples.Example"/>
</testsuite> <!-- Examples.Example -->
